<?xml version="1.0" encoding="utf-8"?><testsuites name="pytest tests"><testsuite name="pytest" errors="0" failures="4" skipped="0" tests="21" time="16.596" timestamp="2026-05-13T22:35:53.994312+00:00" hostname="agent-env-dda61458-d53a-4ea4-b355-4cb457bf7943"><testcase classname="backend.tests.test_phase2_api.TestPayments" name="test_add_payment_and_persistence" time="1.364" /><testcase classname="backend.tests.test_phase2_api.TestPayments" name="test_full_payment_settles" time="1.374" /><testcase classname="backend.tests.test_phase2_api.TestPayments" name="test_counterparty_can_record_payment" time="0.927" /><testcase classname="backend.tests.test_phase2_api.TestPayments" name="test_non_authorized_cannot_pay_or_list" time="1.322" /><testcase classname="backend.tests.test_phase2_api.TestPayments" name="test_delete_loan_deletes_payments" time="1.254" /><testcase classname="backend.tests.test_phase2_api.TestAcceptance" name="test_create_with_request_acceptance_pending" time="0.838"><failure message="AssertionError: assert 'active' == 'pending_acceptance'&#10;  &#10;  - pending_acceptance&#10;  + active">backend/tests/test_phase2_api.py:161: in test_create_with_request_acceptance_pending
    assert ln["status"] == "pending_acceptance"
E   AssertionError: assert 'active' == 'pending_acceptance'
E     
E     - pending_acceptance
E     + active</failure></testcase><testcase classname="backend.tests.test_phase2_api.TestAcceptance" name="test_create_without_flag_active" time="0.865" /><testcase classname="backend.tests.test_phase2_api.TestAcceptance" name="test_incoming_visible_to_borrower" time="0.946"><failure message="AssertionError: assert 'loan_92bd7fdb4418' in []">backend/tests/test_phase2_api.py:173: in test_incoming_visible_to_borrower
    assert ln["loan_id"] in ids
E   AssertionError: assert 'loan_92bd7fdb4418' in []</failure></testcase><testcase classname="backend.tests.test_phase2_api.TestAcceptance" name="test_accept_flow" time="1.057"><failure message="AssertionError: {&quot;detail&quot;:&quot;Loan is not pending acceptance&quot;}&#10;assert 400 == 200&#10; +  where 400 = &lt;Response [400]&gt;.status_code">backend/tests/test_phase2_api.py:182: in test_accept_flow
    assert r.status_code == 200, r.text
E   AssertionError: {"detail":"Loan is not pending acceptance"}
E   assert 400 == 200
E    +  where 400 = &lt;Response [400]&gt;.status_code</failure></testcase><testcase classname="backend.tests.test_phase2_api.TestAcceptance" name="test_reject_flow" time="1.075"><failure message="assert 400 == 200&#10; +  where 400 = &lt;Response [400]&gt;.status_code">backend/tests/test_phase2_api.py:193: in test_reject_flow
    assert r.status_code == 200
E   assert 400 == 200
E    +  where 400 = &lt;Response [400]&gt;.status_code</failure></testcase><testcase classname="backend.tests.test_phase2_api.TestAcceptance" name="test_accept_on_active_loan_400" time="0.909" /><testcase classname="backend.tests.test_phase2_api.TestPushToken" name="test_register_push_token" time="0.480" /><testcase classname="backend.tests.test_phase2_api.TestPushToken" name="test_no_auth_401" time="0.116" /><testcase classname="backend.tests.test_phase2_api.TestPushToken" name="test_loan_creation_with_push_token_does_not_break" time="0.946" /><testcase classname="backend.tests.test_phase2_api.TestDashboardWithPayments" name="test_outstanding_reduced_after_payment" time="0.856" /><testcase classname="backend.tests.test_phase2_api.TestDashboardWithPayments" name="test_loans_list_includes_total_paid" time="0.720" /><testcase classname="backend.tests.test_phase2_api.TestRegression" name="test_health" time="0.099" /><testcase classname="backend.tests.test_phase2_api.TestRegression" name="test_demo_login" time="0.360" /><testcase classname="backend.tests.test_phase2_api.TestRegression" name="test_me" time="0.460" /><testcase classname="backend.tests.test_phase2_api.TestRegression" name="test_subscription_plans" time="0.107" /><testcase classname="backend.tests.test_phase2_api.TestRegression" name="test_contacts_list" time="0.434" /></testsuite></testsuites>